[2016-07-29 12:25:28.231] - [COM_QUERY] select @@version_comment limit 1 conId:1 /0:0:0:0:0:0:0:1:53062 /0:0:0:0:0:0:0:1:6100 0 ms
[2016-07-29 12:25:49.778] - [COM_QUIT] null conId:1 null null 0 ms
[2016-07-29 12:26:21.012] - [COM_QUERY] select @@version_comment limit 1 conId:3 /0:0:0:0:0:0:0:1:53072 /0:0:0:0:0:0:0:1:6100 0 ms
[2016-07-29 12:55:39.369] - [COM_QUERY] show tables conId:3 /0:0:0:0:0:0:0:1:53072 /0:0:0:0:0:0:0:1:6100 62 ms
[2016-07-29 12:55:52.984] - [COM_QUERY] select * from product conId:3 /0:0:0:0:0:0:0:1:53072 /0:0:0:0:0:0:0:1:6100 38 ms
[2016-07-29 12:55:57.476] - [COM_QUERY] select * from product conId:3 /0:0:0:0:0:0:0:1:53072 /0:0:0:0:0:0:0:1:6100 15 ms
[2016-07-29 12:56:06.380] - [COM_QUERY] SET NAMES utf8 conId:3 /0:0:0:0:0:0:0:1:53072 /0:0:0:0:0:0:0:1:6100 2 ms
[2016-07-29 12:56:08.622] - [COM_QUERY] select * from product conId:3 /0:0:0:0:0:0:0:1:53072 /0:0:0:0:0:0:0:1:6100 28 ms
[2016-07-29 12:56:47.709] - [COM_QUERY] select * from product conId:3 /0:0:0:0:0:0:0:1:53072 /0:0:0:0:0:0:0:1:6100 6 ms
[2016-07-29 12:56:49.071] - [COM_QUERY] select * from product conId:3 /0:0:0:0:0:0:0:1:53072 /0:0:0:0:0:0:0:1:6100 0 ms
[2016-07-29 12:56:50.072] - [COM_QUERY] select * from product conId:3 /0:0:0:0:0:0:0:1:53072 /0:0:0:0:0:0:0:1:6100 16 ms
[2016-07-29 12:56:50.858] - [COM_QUERY] select * from product conId:3 /0:0:0:0:0:0:0:1:53072 /0:0:0:0:0:0:0:1:6100 0 ms
[2016-07-29 12:56:51.570] - [COM_QUERY] select * from product conId:3 /0:0:0:0:0:0:0:1:53072 /0:0:0:0:0:0:0:1:6100 6 ms
[2016-07-29 12:56:52.577] - [COM_QUERY] select * from product conId:3 /0:0:0:0:0:0:0:1:53072 /0:0:0:0:0:0:0:1:6100 5 ms
[2016-07-29 12:56:53.250] - [COM_QUERY] select * from product conId:3 /0:0:0:0:0:0:0:1:53072 /0:0:0:0:0:0:0:1:6100 6 ms
[2016-07-29 12:56:53.922] - [COM_QUERY] select * from product conId:3 /0:0:0:0:0:0:0:1:53072 /0:0:0:0:0:0:0:1:6100 6 ms
[2016-07-29 12:56:54.594] - [COM_QUERY] select * from product conId:3 /0:0:0:0:0:0:0:1:53072 /0:0:0:0:0:0:0:1:6100 6 ms
[2016-07-29 12:56:55.229] - [COM_QUERY] select * from product conId:3 /0:0:0:0:0:0:0:1:53072 /0:0:0:0:0:0:0:1:6100 0 ms
[2016-07-29 12:56:55.922] - [COM_QUERY] select * from product conId:3 /0:0:0:0:0:0:0:1:53072 /0:0:0:0:0:0:0:1:6100 5 ms
[2016-07-29 12:56:56.601] - [COM_QUERY] select * from product conId:3 /0:0:0:0:0:0:0:1:53072 /0:0:0:0:0:0:0:1:6100 5 ms
[2016-07-29 12:56:57.498] - [COM_QUERY] select * from product conId:3 /0:0:0:0:0:0:0:1:53072 /0:0:0:0:0:0:0:1:6100 5 ms
[2016-07-29 12:56:58.305] - [COM_QUERY] select * from product conId:3 /0:0:0:0:0:0:0:1:53072 /0:0:0:0:0:0:0:1:6100 4 ms
[2016-07-29 12:56:58.998] - [COM_QUERY] select * from product conId:3 /0:0:0:0:0:0:0:1:53072 /0:0:0:0:0:0:0:1:6100 0 ms
[2016-07-29 12:56:59.697] - [COM_QUERY] select * from product conId:3 /0:0:0:0:0:0:0:1:53072 /0:0:0:0:0:0:0:1:6100 5 ms
[2016-07-29 12:57:00.385] - [COM_QUERY] select * from product conId:3 /0:0:0:0:0:0:0:1:53072 /0:0:0:0:0:0:0:1:6100 5 ms
[2016-07-29 12:57:01.030] - [COM_QUERY] select * from product conId:3 /0:0:0:0:0:0:0:1:53072 /0:0:0:0:0:0:0:1:6100 0 ms
[2016-07-29 12:57:01.771] - [COM_QUERY] select * from product conId:3 /0:0:0:0:0:0:0:1:53072 /0:0:0:0:0:0:0:1:6100 6 ms
[2016-07-29 12:57:02.473] - [COM_QUERY] select * from product conId:3 /0:0:0:0:0:0:0:1:53072 /0:0:0:0:0:0:0:1:6100 5 ms
[2016-07-29 12:57:03.153] - [COM_QUERY] select * from product conId:3 /0:0:0:0:0:0:0:1:53072 /0:0:0:0:0:0:0:1:6100 5 ms
[2016-07-29 12:57:03.860] - [COM_QUERY] select * from product conId:3 /0:0:0:0:0:0:0:1:53072 /0:0:0:0:0:0:0:1:6100 0 ms
[2016-07-29 12:58:35.108] - [COM_QUERY] select * from product conId:3 /0:0:0:0:0:0:0:1:53072 /0:0:0:0:0:0:0:1:6100 6 ms
[2016-07-29 12:58:36.149] - [COM_QUERY] select * from product conId:3 /0:0:0:0:0:0:0:1:53072 /0:0:0:0:0:0:0:1:6100 5 ms
[2016-07-29 12:58:36.997] - [COM_QUERY] select * from product conId:3 /0:0:0:0:0:0:0:1:53072 /0:0:0:0:0:0:0:1:6100 4 ms
[2016-07-29 12:58:37.702] - [COM_QUERY] select * from product conId:3 /0:0:0:0:0:0:0:1:53072 /0:0:0:0:0:0:0:1:6100 20 ms
[2016-07-29 12:58:38.405] - [COM_QUERY] select * from product conId:3 /0:0:0:0:0:0:0:1:53072 /0:0:0:0:0:0:0:1:6100 5 ms
[2016-07-29 12:58:39.015] - [COM_QUERY] select * from product conId:3 /0:0:0:0:0:0:0:1:53072 /0:0:0:0:0:0:0:1:6100 0 ms
[2016-07-29 12:58:39.682] - [COM_QUERY] select * from product conId:3 /0:0:0:0:0:0:0:1:53072 /0:0:0:0:0:0:0:1:6100 0 ms
[2016-07-29 12:58:40.334] - [COM_QUERY] select * from product conId:3 /0:0:0:0:0:0:0:1:53072 /0:0:0:0:0:0:0:1:6100 5 ms
[2016-07-29 12:58:40.989] - [COM_QUERY] select * from product conId:3 /0:0:0:0:0:0:0:1:53072 /0:0:0:0:0:0:0:1:6100 4 ms
[2016-07-29 12:58:41.645] - [COM_QUERY] select * from product conId:3 /0:0:0:0:0:0:0:1:53072 /0:0:0:0:0:0:0:1:6100 4 ms
[2016-07-29 12:58:42.357] - [COM_QUERY] select * from product conId:3 /0:0:0:0:0:0:0:1:53072 /0:0:0:0:0:0:0:1:6100 4 ms
[2016-07-29 12:58:43.251] - [COM_QUERY] select * from product conId:3 /0:0:0:0:0:0:0:1:53072 /0:0:0:0:0:0:0:1:6100 3 ms
[2016-07-29 12:58:43.965] - [COM_QUERY] select * from product conId:3 /0:0:0:0:0:0:0:1:53072 /0:0:0:0:0:0:0:1:6100 4 ms
